<?xml version="1.0" encoding="UTF-8"?>
<!-- Generated by org.testng.reporters.JUnitReportReporter -->
<testsuite hostname="6KPDQ13-PC" failures="0" tests="13"
	name="com.test.freecrm.qa.testcases.ContactPageTestCases"
	time="289.480" errors="0" timestamp="04 Dec 2020 17:16:03 GMT"
	skipped="0">
	<testcase
		classname="com.test.freecrm.qa.testcases.ContactPageTestCases"
		name="contactsLabelDisplayed" time="18.335" />
	<testcase
		classname="com.test.freecrm.qa.testcases.ContactPageTestCases"
		name="selectCheckBoxTest" time="15.126" />
	<testcase
		classname="com.test.freecrm.qa.testcases.ContactPageTestCases"
		name="selectCheckBoxTest2" time="15.768" />
	<testcase
		classname="com.test.freecrm.qa.testcases.ContactPageTestCases"
		name="selectMultipleCheckBoxTest" time="15.161" />
	<testcase
		classname="com.test.freecrm.qa.testcases.ContactPageTestCases"
		name="clickCreateNewContact" time="18.631" />
	<testcase
		classname="com.test.freecrm.qa.testcases.ContactPageTestCases"
		name="createSingleContactTest" time="24.432" />
	<testcase
		classname="com.test.freecrm.qa.testcases.ContactPageTestCases"
		name="createMultipleNewUser" time="24.376" />
	<testcase
		classname="com.test.freecrm.qa.testcases.ContactPageTestCases"
		name="createMultipleNewUser" time="23.404" />
	<testcase
		classname="com.test.freecrm.qa.testcases.ContactPageTestCases"
		name="createMultipleNewUser" time="23.616" />
	<testcase
		classname="com.test.freecrm.qa.testcases.ContactPageTestCases"
		name="deleteMultipleContactTest" time="28.418" />
	<testcase
		classname="com.test.freecrm.qa.testcases.ContactPageTestCases"
		name="deleteMultipleContactTest" time="27.553" />
	<testcase
		classname="com.test.freecrm.qa.testcases.ContactPageTestCases"
		name="deleteMultipleContactTest" time="26.777" />
	<testcase
		classname="com.test.freecrm.qa.testcases.ContactPageTestCases"
		name="deleteSingleContact" time="27.883" />
</testsuite> <!-- com.test.freecrm.qa.testcases.ContactPageTestCases -->
