<?xml version="1.0" encoding="UTF-8"?>
<!-- Generated by org.testng.reporters.JUnitReportReporter -->
<testsuite hostname="6KPDQ13-PC" failures="0" tests="2" name="com.test.freecrm.qa.testcases.LoginPageTestCases" time="25.868" errors="0" timestamp="06 Dec 2020 15:19:18 GMT" skipped="0">
  <testcase classname="com.test.freecrm.qa.testcases.LoginPageTestCases" name="TitleTest" time="13.252"/>
  <testcase classname="com.test.freecrm.qa.testcases.LoginPageTestCases" name="notificationIconIsDisplayedTest" time="12.616"/>
</testsuite> <!-- com.test.freecrm.qa.testcases.LoginPageTestCases -->
