<?xml version="1.0" encoding="UTF-8"?>
<!-- Generated by org.testng.reporters.JUnitReportReporter -->
<testsuite hostname="6KPDQ13-PC" failures="0" tests="13"
	name="com.test.freecrm.qa.testcases.HomePageTestCases" time="196.994"
	errors="0" timestamp="04 Dec 2020 17:16:03 GMT" skipped="0">
	<testcase
		classname="com.test.freecrm.qa.testcases.HomePageTestCases"
		name="validateTitleTest" time="12.855" />
	<testcase
		classname="com.test.freecrm.qa.testcases.HomePageTestCases"
		name="validateUserProfileTest" time="19.952" />
	<testcase
		classname="com.test.freecrm.qa.testcases.HomePageTestCases"
		name="contactClickTest" time="14.261" />
	<testcase
		classname="com.test.freecrm.qa.testcases.HomePageTestCases"
		name="calendarClickTest" time="14.485" />
	<testcase
		classname="com.test.freecrm.qa.testcases.HomePageTestCases"
		name="companiesClickTest" time="14.254" />
	<testcase
		classname="com.test.freecrm.qa.testcases.HomePageTestCases"
		name="dealClickTest" time="15.082" />
	<testcase
		classname="com.test.freecrm.qa.testcases.HomePageTestCases"
		name="TaskClickTest" time="15.549" />
	<testcase
		classname="com.test.freecrm.qa.testcases.HomePageTestCases"
		name="caseClickTest" time="14.139" />
	<testcase
		classname="com.test.freecrm.qa.testcases.HomePageTestCases"
		name="callsClickTest" time="14.589" />
	<testcase
		classname="com.test.freecrm.qa.testcases.HomePageTestCases"
		name="documentsClickTest" time="15.036" />
	<testcase
		classname="com.test.freecrm.qa.testcases.HomePageTestCases"
		name="EmailClickTest" time="14.597" />
	<testcase
		classname="com.test.freecrm.qa.testcases.HomePageTestCases"
		name="CampaingsClickTest" time="16.310" />
	<testcase
		classname="com.test.freecrm.qa.testcases.HomePageTestCases"
		name="FormsClickTest" time="15.885" />
</testsuite> <!-- com.test.freecrm.qa.testcases.HomePageTestCases -->
