<?xml version="1.0" encoding="UTF-8"?>
<!-- Generated by org.testng.reporters.JUnitReportReporter -->
<testsuite hostname="6KPDQ13-PC" failures="0" tests="6" name="com.test.freecrm.qa.testcases.LoginPageTestCases" time="98.415" errors="0" timestamp="04 Dec 2020 17:16:03 GMT" skipped="0">
  <testcase classname="com.test.freecrm.qa.testcases.LoginPageTestCases" name="TitleTest" time="13.208"/>
  <testcase classname="com.test.freecrm.qa.testcases.LoginPageTestCases" name="notificationIconIsDisplayedTest" time="13.623"/>
  <testcase classname="com.test.freecrm.qa.testcases.LoginPageTestCases" name="forgotPasswordTest" time="17.323"/>
  <testcase classname="com.test.freecrm.qa.testcases.LoginPageTestCases" name="classicCRMTest" time="23.464"/>
  <testcase classname="com.test.freecrm.qa.testcases.LoginPageTestCases" name="signUpTest" time="15.807"/>
  <testcase classname="com.test.freecrm.qa.testcases.LoginPageTestCases" name="loginTest" time="14.990"/>
</testsuite> <!-- com.test.freecrm.qa.testcases.LoginPageTestCases -->
