<?xml version="1.0" encoding="UTF-8"?>
<!-- Generated by org.testng.reporters.JUnitReportReporter -->
<testsuite hostname="6KPDQ13-PC" failures="0" tests="14" name="com.test.freecrm.qa.testcases.HomePageTestCases" time="225.493" errors="0" timestamp="06 Dec 2020 09:56:19 GMT" skipped="1">
  <testcase classname="com.test.freecrm.qa.testcases.HomePageTestCases" name="validateTitleTest" time="13.711"/>
  <testcase classname="com.test.freecrm.qa.testcases.HomePageTestCases" name="validateUserProfileTest" time="15.746"/>
  <testcase classname="com.test.freecrm.qa.testcases.HomePageTestCases" name="contactClickTest" time="15.923"/>
  <testcase classname="com.test.freecrm.qa.testcases.HomePageTestCases" name="calendarClickTest" time="16.519"/>
  <testcase classname="com.test.freecrm.qa.testcases.HomePageTestCases" name="companiesClickTest" time="20.636"/>
  <testcase classname="com.test.freecrm.qa.testcases.HomePageTestCases" name="TaskClickTest" time="17.181"/>
  <testcase classname="com.test.freecrm.qa.testcases.HomePageTestCases" name="dealClickTest" time="17.197"/>
  <testcase classname="com.test.freecrm.qa.testcases.HomePageTestCases" name="caseClickTest" time="17.569"/>
  <testcase classname="com.test.freecrm.qa.testcases.HomePageTestCases" name="callsClickTest" time="18.123"/>
  <testcase classname="com.test.freecrm.qa.testcases.HomePageTestCases" name="documentsClickTest" time="18.812"/>
  <testcase classname="com.test.freecrm.qa.testcases.HomePageTestCases" name="EmailClickTest" time="16.848"/>
  <testcase classname="com.test.freecrm.qa.testcases.HomePageTestCases" name="CampaingsClickTest" time="20.093"/>
  <testcase classname="com.test.freecrm.qa.testcases.HomePageTestCases" name="FormsClickTest" time="17.135"/>
  <testcase classname="com.test.freecrm.qa.testcases.HomePageTestCases" name="searchBoxTest" time="0.000">
    <skipped/>
  </testcase> <!-- searchBoxTest -->
</testsuite> <!-- com.test.freecrm.qa.testcases.HomePageTestCases -->
