<?xml version="1.0" encoding="UTF-8"?>
<!-- Generated by org.testng.reporters.JUnitReportReporter -->
<testsuite hostname="6KPDQ13-PC" failures="0" tests="13" name="com.test.freecrm.qa.testcases.ContactPageTestCases" time="353.658" errors="0" timestamp="06 Dec 2020 09:56:19 GMT" skipped="0">
  <testcase classname="com.test.freecrm.qa.testcases.ContactPageTestCases" name="contactsLabelDisplayed" time="15.819"/>
  <testcase classname="com.test.freecrm.qa.testcases.ContactPageTestCases" name="selectCheckBoxTest" time="18.158"/>
  <testcase classname="com.test.freecrm.qa.testcases.ContactPageTestCases" name="selectCheckBoxTest2" time="19.286"/>
  <testcase classname="com.test.freecrm.qa.testcases.ContactPageTestCases" name="selectMultipleCheckBoxTest" time="26.879"/>
  <testcase classname="com.test.freecrm.qa.testcases.ContactPageTestCases" name="clickCreateNewContact" time="22.108"/>
  <testcase classname="com.test.freecrm.qa.testcases.ContactPageTestCases" name="createSingleContactTest" time="32.587"/>
  <testcase classname="com.test.freecrm.qa.testcases.ContactPageTestCases" name="createMultipleNewUser" time="33.264"/>
  <testcase classname="com.test.freecrm.qa.testcases.ContactPageTestCases" name="createMultipleNewUser" time="35.085"/>
  <testcase classname="com.test.freecrm.qa.testcases.ContactPageTestCases" name="createMultipleNewUser" time="32.027"/>
  <testcase classname="com.test.freecrm.qa.testcases.ContactPageTestCases" name="deleteMultipleContactTest" time="29.534"/>
  <testcase classname="com.test.freecrm.qa.testcases.ContactPageTestCases" name="deleteMultipleContactTest" time="30.008"/>
  <testcase classname="com.test.freecrm.qa.testcases.ContactPageTestCases" name="deleteMultipleContactTest" time="29.314"/>
  <testcase classname="com.test.freecrm.qa.testcases.ContactPageTestCases" name="deleteSingleContact" time="29.589"/>
</testsuite> <!-- com.test.freecrm.qa.testcases.ContactPageTestCases -->
