<?xml version="1.0" encoding="UTF-8"?>
<!-- Generated by org.testng.reporters.JUnitReportReporter -->
<testsuite hostname="6KPDQ13-PC" failures="0" tests="6" name="com.test.freecrm.qa.testcases.LoginPageTestCases" time="100.702" errors="0" timestamp="06 Dec 2020 09:56:19 GMT" skipped="0">
  <testcase classname="com.test.freecrm.qa.testcases.LoginPageTestCases" name="TitleTest" time="16.148"/>
  <testcase classname="com.test.freecrm.qa.testcases.LoginPageTestCases" name="notificationIconIsDisplayedTest" time="14.171"/>
  <testcase classname="com.test.freecrm.qa.testcases.LoginPageTestCases" name="forgotPasswordTest" time="15.093"/>
  <testcase classname="com.test.freecrm.qa.testcases.LoginPageTestCases" name="classicCRMTest" time="18.914"/>
  <testcase classname="com.test.freecrm.qa.testcases.LoginPageTestCases" name="signUpTest" time="19.057"/>
  <testcase classname="com.test.freecrm.qa.testcases.LoginPageTestCases" name="loginTest" time="17.319"/>
</testsuite> <!-- com.test.freecrm.qa.testcases.LoginPageTestCases -->
