<?xml version="1.0" encoding="UTF-8"?>
<!-- Generated by org.testng.reporters.JUnitReportReporter -->
<testsuite hostname="6KPDQ13-PC" failures="0" tests="2" name="com.test.freecrm.qa.testcases.LoginPageTestCases" time="25.835" errors="0" timestamp="06 Dec 2020 15:21:14 GMT" skipped="0">
  <testcase classname="com.test.freecrm.qa.testcases.LoginPageTestCases" name="TitleTest" time="13.520"/>
  <testcase classname="com.test.freecrm.qa.testcases.LoginPageTestCases" name="notificationIconIsDisplayedTest" time="12.315"/>
</testsuite> <!-- com.test.freecrm.qa.testcases.LoginPageTestCases -->
